---------------------------------------------------------------------------------
      name:  <unnamed>
       log:  L:\smokingresearch.log
  log type:  text
 opened on:   7 May 2018, 15:12:44

. bcuse smoke

Contains data from http://fmwww.bc.edu/ec-p/data/wooldridge/smoke.dta
  obs:           807                          
 vars:            10                          26 Jan 2000 12:16
 size:        32,280                          
---------------------------------------------------------------------------------
              storage   display    value
variable name   type    format     label      variable label
---------------------------------------------------------------------------------
educ            float   %9.0g                 
cigpric         float   %9.0g                 
white           float   %9.0g                 
age             float   %9.0g                 
income          float   %9.0g                 
cigs            float   %9.0g                 
restaurn        float   %9.0g                 
lincome         float   %9.0g                 
agesq           float   %9.0g                 
lcigpric        float   %9.0g                 
---------------------------------------------------------------------------------
Sorted by: 

. gen hsgrad=0

. replace hsgrad=1 if educ>=12
(584 real changes made)

. sum cigs cigpric educ age income restaurn

    Variable |        Obs        Mean    Std. Dev.       Min        Max
-------------+---------------------------------------------------------
        cigs |        807    8.686493    13.72152          0         80
     cigpric |        807    60.30041    4.738469     44.004     70.129
        educ |        807    12.47088    3.057161          6         18
         age |        807    41.23792    17.02729         17         88
      income |        807    19304.83    9142.958        500      30000
-------------+---------------------------------------------------------
    restaurn |        807    .2465923    .4312946          0          1

. ci means cigs cigpric educ age income restaurn

    Variable |        Obs        Mean    Std. Err.       [95% Conf. Interval]
-------------+---------------------------------------------------------------
        cigs |        807    8.686493    .4830202        7.738367    9.634619
     cigpric |        807    60.30041     .166802        59.97299    60.62783
        educ |        807    12.47088    .1076172        12.25964    12.68212
         age |        807    41.23792    .5993888        40.06137    42.41447
      income |        807    19304.83    321.8474        18673.07    19936.59
-------------+---------------------------------------------------------------
    restaurn |        807    .2465923    .0151823        .2167908    .2763938

. ci means cigs if hsgrad==1

    Variable |        Obs        Mean    Std. Err.       [95% Conf. Interval]
-------------+---------------------------------------------------------------
        cigs |        584    8.318493     .570426        7.198153    9.438833

. ci means cigs if hsgrad==0

    Variable |        Obs        Mean    Std. Err.       [95% Conf. Interval]
-------------+---------------------------------------------------------------
        cigs |        223    9.650224    .9065172        7.863744     11.4367

. reg cigs cigpric

      Source |       SS           df       MS      Number of obs   =       807
-------------+----------------------------------   F(1, 805)       =      0.10
       Model |  19.6715251         1  19.6715251   Prob > F        =    0.7467
    Residual |  151734.011       805  188.489455   R-squared       =    0.0001
-------------+----------------------------------   Adj R-squared   =   -0.0011
       Total |  151753.683       806  188.280003   Root MSE        =    13.729

------------------------------------------------------------------------------
        cigs |      Coef.   Std. Err.      t    P>|t|     [95% Conf. Interval]
-------------+----------------------------------------------------------------
     cigpric |  -.0329696   .1020559    -0.32   0.747    -.2332966    .1673574
       _cons |   10.67457   6.172959     1.73   0.084    -1.442422    22.79157
------------------------------------------------------------------------------

. reg cigs hsgrad

      Source |       SS           df       MS      Number of obs   =       807
-------------+----------------------------------   F(1, 805)       =      1.52
       Model |  286.205013         1  286.205013   Prob > F        =    0.2178
    Residual |  151467.478       805  188.158357   R-squared       =    0.0019
-------------+----------------------------------   Adj R-squared   =    0.0006
       Total |  151753.683       806  188.280003   Root MSE        =    13.717

------------------------------------------------------------------------------
        cigs |      Coef.   Std. Err.      t    P>|t|     [95% Conf. Interval]
-------------+----------------------------------------------------------------
      hsgrad |  -1.331731   1.079791    -1.23   0.218    -3.451269     .787807
       _cons |   9.650224   .9185638    10.51   0.000     7.847161    11.45329
------------------------------------------------------------------------------

. reg cigs age educ

      Source |       SS           df       MS      Number of obs   =       807
-------------+----------------------------------   F(2, 804)       =      2.02
       Model |  757.250609         2  378.625305   Prob > F        =    0.1339
    Residual |  150996.432       804  187.806508   R-squared       =    0.0050
-------------+----------------------------------   Adj R-squared   =    0.0025
       Total |  151753.683       806  188.280003   Root MSE        =    13.704

------------------------------------------------------------------------------
        cigs |      Coef.   Std. Err.      t    P>|t|     [95% Conf. Interval]
-------------+----------------------------------------------------------------
         age |  -.0419294   .0288231    -1.45   0.146    -.0985068    .0146481
        educ |  -.2607227   .1605345    -1.62   0.105    -.5758389    .0543934
       _cons |   13.66701   2.552046     5.36   0.000     8.657554    18.67647
------------------------------------------------------------------------------

. reg cigs cigpric educ age income

      Source |       SS           df       MS      Number of obs   =       807
-------------+----------------------------------   F(4, 802)       =      2.13
       Model |   1596.4945         4  399.123624   Prob > F        =    0.0751
    Residual |  150157.188       802  187.228414   R-squared       =    0.0105
-------------+----------------------------------   Adj R-squared   =    0.0056
       Total |  151753.683       806  188.280003   Root MSE        =    13.683

------------------------------------------------------------------------------
        cigs |      Coef.   Std. Err.      t    P>|t|     [95% Conf. Interval]
-------------+----------------------------------------------------------------
     cigpric |  -.0320155    .101909    -0.31   0.753    -.2320554    .1680244
        educ |  -.3764399   .1697686    -2.22   0.027    -.7096832   -.0431966
         age |  -.0413708   .0287973    -1.44   0.151    -.0978977    .0151561
      income |   .0001178    .000056     2.10   0.036     7.93e-06    .0002277
       _cons |   14.74315   6.542677     2.25   0.025     1.900359    27.58594
------------------------------------------------------------------------------

. reg cigs cigpric educ age income restaurn hsgrad

      Source |       SS           df       MS      Number of obs   =       807
-------------+----------------------------------   F(6, 800)       =      2.64
       Model |  2944.13399         6  490.688999   Prob > F        =    0.0154
    Residual |  148809.549       800  186.011936   R-squared       =    0.0194
-------------+----------------------------------   Adj R-squared   =    0.0120
       Total |  151753.683       806  188.280003   Root MSE        =    13.639

------------------------------------------------------------------------------
        cigs |      Coef.   Std. Err.      t    P>|t|     [95% Conf. Interval]
-------------+----------------------------------------------------------------
     cigpric |   .0052361    .102532     0.05   0.959    -.1960274    .2064996
        educ |  -.2705967   .2459131    -1.10   0.271    -.7533078    .2121144
         age |  -.0460526    .028989    -1.59   0.113    -.1029562     .010851
      income |   .0001304    .000056     2.33   0.020     .0000205    .0002404
    restaurn |  -2.997874   1.131855    -2.65   0.008     -5.21963   -.7761171
      hsgrad |  -.9008697   1.649268    -0.55   0.585    -4.138273    2.336534
       _cons |   12.51743   6.618228     1.89   0.059    -.4737129    25.50857
------------------------------------------------------------------------------

. hist cigs, kdensity addlabels title("Consumption of Cigarettes")
(bin=28, start=0, width=2.8571429)

. graph export histogram.png, as (png) replace
(file histogram.png written in PNG format)

. scatter cigs cigpric || lfit cigs cigpric

. graph export scatter.png, as (png) replace
(file scatter.png written in PNG format)

. log close
      name:  <unnamed>
       log:  L:\smokingresearch.log
  log type:  text
 closed on:   7 May 2018, 15:12:47
---------------------------------------------------------------------------------
